[debug] [2026-04-07T07:36:10.647Z] ----------------------------------------------------------------------
[debug] [2026-04-07T07:36:10.655Z] Command:       D:\node.exe C:\Users\HP\AppData\Roaming\npm\node_modules\firebase-tools\lib\bin\firebase.js init
[debug] [2026-04-07T07:36:10.655Z] CLI Version:   15.13.0
[debug] [2026-04-07T07:36:10.655Z] Platform:      win32
[debug] [2026-04-07T07:36:10.656Z] Node Version:  v22.21.1
[debug] [2026-04-07T07:36:10.656Z] Time:          Tue Apr 07 2026 13:06:10 GMT+0530 (India Standard Time)
[debug] [2026-04-07T07:36:10.656Z] ----------------------------------------------------------------------
[debug] 
[info] 
     ######## #### ########  ######## ########     ###     ######  ########
     ##        ##  ##     ## ##       ##     ##  ##   ##  ##       ##
     ######    ##  ########  ######   ########  #########  ######  ######
     ##        ##  ##    ##  ##       ##     ## ##     ##       ## ##
     ##       #### ##     ## ######## ########  ##     ##  ######  ########

You're about to initialize a Firebase project in this directory:

  D:\Web Tech\BT\Food_Store

[info] 
=== Project Setup
[info] 
[info] First, let's associate this project directory with a Firebase project.
[info] You can create multiple project aliases by running firebase use --add, 
[info] 
[debug] [2026-04-07T07:42:57.630Z] > command requires scopes: ["email","openid","https://www.googleapis.com/auth/cloudplatformprojects.readonly","https://www.googleapis.com/auth/firebase","https://www.googleapis.com/auth/cloud-platform"]
[debug] [2026-04-07T07:42:57.631Z] > authorizing via signed-in user (tharikahamed835@gmail.com)
[debug] [2026-04-07T07:42:57.634Z] Checked if tokens are valid: true, expires at: 1775550872420
[debug] [2026-04-07T07:42:57.634Z] Checked if tokens are valid: true, expires at: 1775550872420
[debug] [2026-04-07T07:42:57.635Z] >>> [apiv2][query] GET https://firebase.googleapis.com/v1beta1/projects pageSize=100
[debug] [2026-04-07T07:42:58.628Z] <<< [apiv2][status] GET https://firebase.googleapis.com/v1beta1/projects 200
[debug] [2026-04-07T07:42:58.628Z] <<< [apiv2][body] GET https://firebase.googleapis.com/v1beta1/projects [omitted]
[info] 
=== Hosting Setup
[debug] [2026-04-07T07:44:14.032Z] Checked if tokens are valid: true, expires at: 1775550872420
[debug] [2026-04-07T07:44:14.033Z] Checked if tokens are valid: true, expires at: 1775550872420
[debug] [2026-04-07T07:44:14.033Z] >>> [apiv2][query] GET https://firebase.googleapis.com/v1beta1/projects/food-store-6212a [none]
[debug] [2026-04-07T07:44:14.501Z] <<< [apiv2][status] GET https://firebase.googleapis.com/v1beta1/projects/food-store-6212a 200
[debug] [2026-04-07T07:44:14.501Z] <<< [apiv2][body] GET https://firebase.googleapis.com/v1beta1/projects/food-store-6212a {"projectId":"food-store-6212a","projectNumber":"237896114136","displayName":"food-store","name":"projects/food-store-6212a","resources":{"hostingSite":"food-store-6212a"},"state":"ACTIVE","etag":"1_149b6a15-2e16-4903-8a65-325b909f33d0"}
[info] 
[info] Your public directory is the folder (relative to your project directory) that
[info] will contain Hosting assets to be uploaded with firebase deploy. If you
[info] have a build process for your assets, use your build's output directory.
[info] 
